生成启动时间为 2012/6/24 2:43:02。
     1>项目“E:\Programms\PencilGenerate\PencilGenerate\PencilGenerate.vcxproj”在节点 2 上(build 个目标)。
     1>InitializeBuildStatus:
         正在创建“Debug\PencilGenerate.unsuccessfulbuild”，因为已指定“AlwaysCreate”。
       ClCompile:
         D:\Program Files\Microsoft Visual Studio 10.0\VC\bin\CL.exe /c /ZI /nologo /W3 /WX- /Od /Oy- /D WIN32 /D _DEBUG /D _CONSOLE /D _UNICODE /D UNICODE /Gm /EHsc /RTC1 /MDd /GS /fp:precise /Zc:wchar_t /Zc:forScope /Fo"Debug\\" /Fd"Debug\vc100.pdb" /Gd /TP /analyze- /errorReport:prompt main.cpp
         main.cpp
     1>d:\downloads\opencv\build\include\opencv2\flann\flann.hpp(233): warning C4996: 'cv::flann::Index_<T>': 被声明为已否决
                 d:\downloads\opencv\build\include\opencv2\flann\flann.hpp(278): 参见对正在编译的类 模板 实例化“cv::flann::Index_<T>”的引用
     1>e:\programms\pencilgenerate\pencilgenerate\main.cpp(8): warning C4244: “初始化”: 从“int”转换到“float”，可能丢失数据
       ManifestResourceCompile:
         所有输出均为最新。
       Link:
         D:\Program Files\Microsoft Visual Studio 10.0\VC\bin\link.exe /ERRORREPORT:PROMPT /OUT:"E:\Programms\PencilGenerate\Debug\PencilGenerate.exe" /INCREMENTAL /NOLOGO opencv_core231d.lib opencv_highgui231d.lib opencv_video231d.lib opencv_ml231d.lib opencv_legacy231d.lib opencv_imgproc231d.lib kernel32.lib user32.lib gdi32.lib winspool.lib comdlg32.lib advapi32.lib shell32.lib ole32.lib oleaut32.lib uuid.lib odbc32.lib odbccp32.lib /MANIFEST /ManifestFile:"Debug\PencilGenerate.exe.intermediate.manifest" /MANIFESTUAC:"level='asInvoker' uiAccess='false'" /DEBUG /PDB:"E:\Programms\PencilGenerate\Debug\PencilGenerate.pdb" /SUBSYSTEM:CONSOLE /TLBID:1 /DYNAMICBASE /NXCOMPAT /IMPLIB:"E:\Programms\PencilGenerate\Debug\PencilGenerate.lib" /MACHINE:X86 Debug\PencilGenerate.exe.embed.manifest.res
         Debug\main.obj
       Manifest:
         C:\Program Files (x86)\Microsoft SDKs\Windows\v7.0A\bin\mt.exe /nologo /verbose /out:"Debug\PencilGenerate.exe.embed.manifest" /manifest Debug\PencilGenerate.exe.intermediate.manifest
         所有输出均为最新。
       LinkEmbedManifest:
         所有输出均为最新。
         PencilGenerate.vcxproj -> E:\Programms\PencilGenerate\Debug\PencilGenerate.exe
       FinalizeBuildStatus:
         正在删除文件“Debug\PencilGenerate.unsuccessfulbuild”。
         正在对“Debug\PencilGenerate.lastbuildstate”执行 Touch 任务。
     1>已完成生成项目“E:\Programms\PencilGenerate\PencilGenerate\PencilGenerate.vcxproj”(build 个目标)的操作。

生成成功。

已用时间 00:00:03.77
