生成启动时间为 2012/7/4 22:19:07。
     1>项目“D:\Real-time pencil rendering\Pencil Rendering\Pencil Rendering\Pencil Rendering.vcxproj”在节点 2 上(build 个目标)。
     1>InitializeBuildStatus:
         正在创建“Debug\Pencil Rendering.unsuccessfulbuild”，因为已指定“AlwaysCreate”。
       ClCompile:
         D:\Program Files\Microsoft Visual Studio 10.0\VC\bin\CL.exe /c /ZI /nologo /W3 /WX- /Od /Oy- /D WIN32 /D _DEBUG /D _WINDOWS /Gm /EHsc /RTC1 /MDd /GS /fp:precise /Zc:wchar_t /Zc:forScope /Fo"Debug\\" /Fd"Debug\vc100.pdb" /Gd /TP /analyze- /errorReport:prompt 3ds.cpp bmp.cpp FBO.cpp Init.cpp main.cpp ObjReader.cpp Shader.cpp Texture.cpp
         Texture.cpp
         Shader.cpp
     1>d:\real-time pencil rendering\pencil rendering\pencil rendering\shader.cpp(22): warning C4996: 'sprintf': This function or variable may be unsafe. Consider using sprintf_s instead. To disable deprecation, use _CRT_SECURE_NO_WARNINGS. See online help for details.
                 d:\program files\microsoft visual studio 10.0\vc\include\stdio.h(371) : 参见“sprintf”的声明
     1>d:\real-time pencil rendering\pencil rendering\pencil rendering\shader.cpp(23): warning C4996: 'sprintf': This function or variable may be unsafe. Consider using sprintf_s instead. To disable deprecation, use _CRT_SECURE_NO_WARNINGS. See online help for details.
                 d:\program files\microsoft visual studio 10.0\vc\include\stdio.h(371) : 参见“sprintf”的声明
     1>d:\real-time pencil rendering\pencil rendering\pencil rendering\shader.cpp(96): warning C4996: 'fopen': This function or variable may be unsafe. Consider using fopen_s instead. To disable deprecation, use _CRT_SECURE_NO_WARNINGS. See online help for details.
                 d:\program files\microsoft visual studio 10.0\vc\include\stdio.h(234) : 参见“fopen”的声明
         ObjReader.cpp
     1>d:\real-time pencil rendering\pencil rendering\pencil rendering\objreader.cpp(10): warning C4996: 'fopen': This function or variable may be unsafe. Consider using fopen_s instead. To disable deprecation, use _CRT_SECURE_NO_WARNINGS. See online help for details.
                 d:\program files\microsoft visual studio 10.0\vc\include\stdio.h(234) : 参见“fopen”的声明
     1>d:\real-time pencil rendering\pencil rendering\pencil rendering\objreader.cpp(22): warning C4996: 'sscanf': This function or variable may be unsafe. Consider using sscanf_s instead. To disable deprecation, use _CRT_SECURE_NO_WARNINGS. See online help for details.
                 d:\program files\microsoft visual studio 10.0\vc\include\stdio.h(325) : 参见“sscanf”的声明
     1>d:\real-time pencil rendering\pencil rendering\pencil rendering\objreader.cpp(28): warning C4996: 'sscanf': This function or variable may be unsafe. Consider using sscanf_s instead. To disable deprecation, use _CRT_SECURE_NO_WARNINGS. See online help for details.
                 d:\program files\microsoft visual studio 10.0\vc\include\stdio.h(325) : 参见“sscanf”的声明
     1>d:\real-time pencil rendering\pencil rendering\pencil rendering\objreader.cpp(37): warning C4996: 'sscanf': This function or variable may be unsafe. Consider using sscanf_s instead. To disable deprecation, use _CRT_SECURE_NO_WARNINGS. See online help for details.
                 d:\program files\microsoft visual studio 10.0\vc\include\stdio.h(325) : 参见“sscanf”的声明
     1>d:\real-time pencil rendering\pencil rendering\pencil rendering\objreader.cpp(45): warning C4996: 'sscanf': This function or variable may be unsafe. Consider using sscanf_s instead. To disable deprecation, use _CRT_SECURE_NO_WARNINGS. See online help for details.
                 d:\program files\microsoft visual studio 10.0\vc\include\stdio.h(325) : 参见“sscanf”的声明
     1>d:\real-time pencil rendering\pencil rendering\pencil rendering\objreader.cpp(46): warning C4996: 'strcat': This function or variable may be unsafe. Consider using strcat_s instead. To disable deprecation, use _CRT_SECURE_NO_WARNINGS. See online help for details.
                 d:\program files\microsoft visual studio 10.0\vc\include\string.h(110) : 参见“strcat”的声明
     1>d:\real-time pencil rendering\pencil rendering\pencil rendering\objreader.cpp(48): warning C4996: 'fopen': This function or variable may be unsafe. Consider using fopen_s instead. To disable deprecation, use _CRT_SECURE_NO_WARNINGS. See online help for details.
                 d:\program files\microsoft visual studio 10.0\vc\include\stdio.h(234) : 参见“fopen”的声明
     1>d:\real-time pencil rendering\pencil rendering\pencil rendering\objreader.cpp(51): warning C4996: 'fscanf': This function or variable may be unsafe. Consider using fscanf_s instead. To disable deprecation, use _CRT_SECURE_NO_WARNINGS. See online help for details.
                 d:\program files\microsoft visual studio 10.0\vc\include\stdio.h(253) : 参见“fscanf”的声明
     1>d:\real-time pencil rendering\pencil rendering\pencil rendering\objreader.cpp(52): warning C4996: 'fscanf': This function or variable may be unsafe. Consider using fscanf_s instead. To disable deprecation, use _CRT_SECURE_NO_WARNINGS. See online help for details.
                 d:\program files\microsoft visual studio 10.0\vc\include\stdio.h(253) : 参见“fscanf”的声明
         main.cpp
     1>d:\real-time pencil rendering\pencil rendering\pencil rendering\main.cpp(122): warning C4305: “初始化”: 从“double”到“GLfloat”截断
     1>d:\real-time pencil rendering\pencil rendering\pencil rendering\main.cpp(122): warning C4305: “初始化”: 从“double”到“GLfloat”截断
     1>d:\real-time pencil rendering\pencil rendering\pencil rendering\main.cpp(122): warning C4305: “初始化”: 从“double”到“GLfloat”截断
     1>d:\real-time pencil rendering\pencil rendering\pencil rendering\main.cpp(159): warning C4996: 'sprintf': This function or variable may be unsafe. Consider using sprintf_s instead. To disable deprecation, use _CRT_SECURE_NO_WARNINGS. See online help for details.
                 d:\program files\microsoft visual studio 10.0\vc\include\stdio.h(371) : 参见“sprintf”的声明
     1>d:\real-time pencil rendering\pencil rendering\pencil rendering\main.cpp(160): warning C4996: 'fopen': This function or variable may be unsafe. Consider using fopen_s instead. To disable deprecation, use _CRT_SECURE_NO_WARNINGS. See online help for details.
                 d:\program files\microsoft visual studio 10.0\vc\include\stdio.h(234) : 参见“fopen”的声明
     1>d:\real-time pencil rendering\pencil rendering\pencil rendering\main.cpp(442): warning C4305: “-=”: 从“double”到“float”截断
     1>d:\real-time pencil rendering\pencil rendering\pencil rendering\main.cpp(446): warning C4305: “+=”: 从“double”到“float”截断
     1>d:\real-time pencil rendering\pencil rendering\pencil rendering\main.cpp(449): warning C4305: “-=”: 从“double”到“float”截断
     1>d:\real-time pencil rendering\pencil rendering\pencil rendering\main.cpp(452): warning C4305: “+=”: 从“double”到“float”截断
     1>d:\real-time pencil rendering\pencil rendering\pencil rendering\main.cpp(455): warning C4305: “+=”: 从“double”到“float”截断
     1>d:\real-time pencil rendering\pencil rendering\pencil rendering\main.cpp(458): warning C4305: “-=”: 从“double”到“float”截断
     1>d:\real-time pencil rendering\pencil rendering\pencil rendering\main.cpp(461): warning C4305: “-=”: 从“double”到“float”截断
     1>d:\real-time pencil rendering\pencil rendering\pencil rendering\main.cpp(464): warning C4305: “+=”: 从“double”到“float”截断
         Init.cpp
     1>d:\real-time pencil rendering\pencil rendering\pencil rendering\init.cpp(238): warning C4996: 'fopen': This function or variable may be unsafe. Consider using fopen_s instead. To disable deprecation, use _CRT_SECURE_NO_WARNINGS. See online help for details.
                 d:\program files\microsoft visual studio 10.0\vc\include\stdio.h(234) : 参见“fopen”的声明
         FBO.cpp
         bmp.cpp
     1>d:\real-time pencil rendering\pencil rendering\pencil rendering\bmp.cpp(25): warning C4996: 'fopen': This function or variable may be unsafe. Consider using fopen_s instead. To disable deprecation, use _CRT_SECURE_NO_WARNINGS. See online help for details.
                 d:\program files\microsoft visual studio 10.0\vc\include\stdio.h(234) : 参见“fopen”的声明
     1>d:\real-time pencil rendering\pencil rendering\pencil rendering\bmp.cpp(82): warning C4996: 'fopen': This function or variable may be unsafe. Consider using fopen_s instead. To disable deprecation, use _CRT_SECURE_NO_WARNINGS. See online help for details.
                 d:\program files\microsoft visual studio 10.0\vc\include\stdio.h(234) : 参见“fopen”的声明
     1>d:\real-time pencil rendering\pencil rendering\pencil rendering\bmp.cpp(117): warning C4996: 'fopen': This function or variable may be unsafe. Consider using fopen_s instead. To disable deprecation, use _CRT_SECURE_NO_WARNINGS. See online help for details.
                 d:\program files\microsoft visual studio 10.0\vc\include\stdio.h(234) : 参见“fopen”的声明
     1>d:\real-time pencil rendering\pencil rendering\pencil rendering\bmp.cpp(142): warning C4101: “j”: 未引用的局部变量
         3ds.cpp
     1>d:\real-time pencil rendering\pencil rendering\pencil rendering\3ds.cpp(33): warning C4996: 'fopen': This function or variable may be unsafe. Consider using fopen_s instead. To disable deprecation, use _CRT_SECURE_NO_WARNINGS. See online help for details.
                 d:\program files\microsoft visual studio 10.0\vc\include\stdio.h(234) : 参见“fopen”的声明
     1>d:\real-time pencil rendering\pencil rendering\pencil rendering\3ds.cpp(38): warning C4996: 'sprintf': This function or variable may be unsafe. Consider using sprintf_s instead. To disable deprecation, use _CRT_SECURE_NO_WARNINGS. See online help for details.
                 d:\program files\microsoft visual studio 10.0\vc\include\stdio.h(371) : 参见“sprintf”的声明
     1>d:\real-time pencil rendering\pencil rendering\pencil rendering\3ds.cpp(52): warning C4996: 'sprintf': This function or variable may be unsafe. Consider using sprintf_s instead. To disable deprecation, use _CRT_SECURE_NO_WARNINGS. See online help for details.
                 d:\program files\microsoft visual studio 10.0\vc\include\stdio.h(371) : 参见“sprintf”的声明
     1>d:\real-time pencil rendering\pencil rendering\pencil rendering\3ds.cpp(487): warning C4244: “=”: 从“double”转换到“float”，可能丢失数据
     1>d:\real-time pencil rendering\pencil rendering\pencil rendering\3ds.cpp(488): warning C4244: “=”: 从“double”转换到“float”，可能丢失数据
     1>d:\real-time pencil rendering\pencil rendering\pencil rendering\3ds.cpp(489): warning C4244: “=”: 从“double”转换到“float”，可能丢失数据
         正在生成代码...
     1>d:\real-time pencil rendering\pencil rendering\pencil rendering\bmp.cpp(111): warning C4715: “CBMPLoader::SaveBMP”: 不是所有的控件路径都返回值
     1>d:\real-time pencil rendering\pencil rendering\pencil rendering\bmp.cpp(173): warning C4715: “CBMPLoader::SaveBMP”: 不是所有的控件路径都返回值
       ManifestResourceCompile:
         C:\Program Files (x86)\Microsoft SDKs\Windows\v7.0A\bin\rc.exe /nologo /fo"Debug\Pencil Rendering.exe.embed.manifest.res" "Debug\Pencil Rendering_manifest.rc" 
       Link:
         D:\Program Files\Microsoft Visual Studio 10.0\VC\bin\link.exe /ERRORREPORT:PROMPT /OUT:"D:\Real-time pencil rendering\Pencil Rendering\Debug\Pencil Rendering.exe" /INCREMENTAL /NOLOGO kernel32.lib user32.lib gdi32.lib winspool.lib comdlg32.lib advapi32.lib shell32.lib ole32.lib oleaut32.lib uuid.lib odbc32.lib odbccp32.lib glaux.lib glu32.lib opengl32.lib kernel32.lib user32.lib gdi32.lib winspool.lib comdlg32.lib advapi32.lib shell32.lib ole32.lib oleaut32.lib uuid.lib odbc32.lib odbccp32.lib /MANIFEST /ManifestFile:"Debug\Pencil Rendering.exe.intermediate.manifest" /MANIFESTUAC:"level='asInvoker' uiAccess='false'" /DEBUG /PDB:"D:\Real-time pencil rendering\Pencil Rendering\Debug\Pencil Rendering.pdb" /SUBSYSTEM:WINDOWS /TLBID:1 /DYNAMICBASE /NXCOMPAT /IMPLIB:"D:\Real-time pencil rendering\Pencil Rendering\Debug\Pencil Rendering.lib" /MACHINE:X86 "Debug\Pencil Rendering.exe.embed.manifest.res"
         Debug\3ds.obj
         Debug\bmp.obj
         Debug\FBO.obj
         Debug\Init.obj
         Debug\main.obj
         Debug\ObjReader.obj
         Debug\Shader.obj
         Debug\Texture.obj
         LINK : 没有找到 D:\Real-time pencil rendering\Pencil Rendering\Debug\Pencil Rendering.exe 或上一个增量链接没有生成它；正在执行完全链接
       Manifest:
         C:\Program Files (x86)\Microsoft SDKs\Windows\v7.0A\bin\mt.exe /nologo /verbose /out:"Debug\Pencil Rendering.exe.embed.manifest" /manifest "Debug\Pencil Rendering.exe.intermediate.manifest"
         所有输出均为最新。
       LinkEmbedManifest:
         所有输出均为最新。
         Pencil Rendering.vcxproj -> D:\Real-time pencil rendering\Pencil Rendering\Debug\Pencil Rendering.exe
       FinalizeBuildStatus:
         正在删除文件“Debug\Pencil Rendering.unsuccessfulbuild”。
         正在对“Debug\Pencil Rendering.lastbuildstate”执行 Touch 任务。
     1>已完成生成项目“D:\Real-time pencil rendering\Pencil Rendering\Pencil Rendering\Pencil Rendering.vcxproj”(build 个目标)的操作。

生成成功。

已用时间 00:00:07.05
